2026-03-15 15:30:33  INFO      __main__  ============================================================
2026-03-15 15:30:33  INFO      __main__  Pipeline: sabr_localvol_consistency
2026-03-15 15:30:33  INFO      __main__  ============================================================
2026-03-15 15:30:33  INFO      __main__  [RUN] market stage
2026-03-15 15:30:33  INFO      __main__  Market metadata written → /home/Aloysuis/libs/ore/quant-research/data/raw/market_meta.json
2026-03-15 15:30:33  INFO      __main__  [RUN] smile stage
2026-03-15 15:30:33  INFO      __main__  Smile grid: using SABR config params (no external market data)
2026-03-15 15:30:33  INFO      __main__  [RUN] calibration stage
2026-03-15 15:30:34  INFO      calibration.sabr  Running SABR calibration (beta=0.50)
2026-03-15 15:30:34  WARNING   calibration.sabr  No market smile data for 6M — using config SABR params to synthesise training vols
2026-03-15 15:30:34  INFO      calibration.sabr    6M  alpha=2.0000  rho=-0.3000  nu=0.4000  RMSE=0.000000  [PASS]
2026-03-15 15:30:34  WARNING   calibration.sabr  No market smile data for 1Y — using config SABR params to synthesise training vols
2026-03-15 15:30:34  INFO      calibration.sabr    1Y  alpha=2.0000  rho=-0.3000  nu=0.4000  RMSE=0.000000  [PASS]
2026-03-15 15:30:34  WARNING   calibration.sabr  No market smile data for 2Y — using config SABR params to synthesise training vols
2026-03-15 15:30:34  INFO      calibration.sabr    2Y  alpha=2.0000  rho=-0.3000  nu=0.4000  RMSE=0.000000  [PASS]
2026-03-15 15:30:34  INFO      calibration.sabr  Saved SABR parameters → /home/Aloysuis/libs/ore/quant-research/calibration/sabr/sabr_localvol_consistency/sabr_params.csv
2026-03-15 15:30:34  INFO      calibration.sabr  Saved SABR implied vol surface → /home/Aloysuis/libs/ore/quant-research/calibration/sabr/sabr_localvol_consistency/sabr_surface.npy
2026-03-15 15:30:34  INFO      __main__  [RUN] diagnostics stage
2026-03-15 15:30:34  INFO      calibration.diagnostics  Surface diagnostics: all checks PASSED
2026-03-15 15:30:34  INFO      calibration.diagnostics  Surface diagnostics saved → /home/Aloysuis/libs/ore/quant-research/calibration/diagnostics/surface_diagnostics.json
2026-03-15 15:30:34  INFO      __main__  [RUN] localvol stage
2026-03-15 15:30:34  INFO      surfaces.localvol  Local vol surface built: shape=(36, 106)  neg_count=0  saved → /home/Aloysuis/libs/ore/quant-research/surfaces/localvol/sabr_localvol_consistency/localvol_surface.npy
2026-03-15 15:30:34  INFO      __main__  [RUN] portfolio stage
2026-03-15 15:30:34  INFO      ore.portfolio_gen  Portfolio written: 32 trades → /home/Aloysuis/libs/ore/quant-research/ore/portfolio/sabr_localvol_consistency/portfolio_validation.xml
2026-03-15 15:30:34  INFO      __main__  [RUN] pricing stage — SABR pass
2026-03-15 15:31:24  INFO      __main__  ============================================================
2026-03-15 15:31:24  INFO      __main__  Pipeline: sabr_localvol_consistency
2026-03-15 15:31:24  INFO      __main__  ============================================================
2026-03-15 15:31:24  INFO      __main__  [RUN] market stage
2026-03-15 15:31:24  INFO      __main__  Market metadata written → /home/Aloysuis/libs/ore/quant-research/data/raw/market_meta.json
2026-03-15 15:31:24  INFO      __main__  [RUN] smile stage
2026-03-15 15:31:24  INFO      __main__  Smile grid: using SABR config params (no external market data)
2026-03-15 15:31:24  INFO      __main__  [RUN] calibration stage
2026-03-15 15:31:25  INFO      calibration.sabr  Running SABR calibration (beta=0.50)
2026-03-15 15:31:25  WARNING   calibration.sabr  No market smile data for 6M — using config SABR params to synthesise training vols
2026-03-15 15:31:25  INFO      calibration.sabr    6M  alpha=2.0000  rho=-0.3000  nu=0.4000  RMSE=0.000000  [PASS]
2026-03-15 15:31:25  WARNING   calibration.sabr  No market smile data for 1Y — using config SABR params to synthesise training vols
2026-03-15 15:31:25  INFO      calibration.sabr    1Y  alpha=2.0000  rho=-0.3000  nu=0.4000  RMSE=0.000000  [PASS]
2026-03-15 15:31:25  WARNING   calibration.sabr  No market smile data for 2Y — using config SABR params to synthesise training vols
2026-03-15 15:31:25  INFO      calibration.sabr    2Y  alpha=2.0000  rho=-0.3000  nu=0.4000  RMSE=0.000000  [PASS]
2026-03-15 15:31:25  INFO      calibration.sabr  Saved SABR parameters → /home/Aloysuis/libs/ore/quant-research/calibration/sabr/sabr_localvol_consistency/sabr_params.csv
2026-03-15 15:31:25  INFO      calibration.sabr  Saved SABR implied vol surface → /home/Aloysuis/libs/ore/quant-research/calibration/sabr/sabr_localvol_consistency/sabr_surface.npy
2026-03-15 15:31:25  INFO      __main__  [RUN] diagnostics stage
2026-03-15 15:31:25  INFO      calibration.diagnostics  Surface diagnostics: all checks PASSED
2026-03-15 15:31:25  INFO      calibration.diagnostics  Surface diagnostics saved → /home/Aloysuis/libs/ore/quant-research/calibration/diagnostics/surface_diagnostics.json
2026-03-15 15:31:25  INFO      __main__  [RUN] localvol stage
2026-03-15 15:31:25  INFO      surfaces.localvol  Local vol surface built: shape=(36, 106)  neg_count=0  saved → /home/Aloysuis/libs/ore/quant-research/surfaces/localvol/sabr_localvol_consistency/localvol_surface.npy
2026-03-15 15:31:25  INFO      __main__  [RUN] portfolio stage
2026-03-15 15:31:25  INFO      ore.portfolio_gen  Portfolio written: 32 trades → /home/Aloysuis/libs/ore/quant-research/ore/portfolio/sabr_localvol_consistency/portfolio_validation.xml
2026-03-15 15:31:25  INFO      __main__  [RUN] pricing stage — SABR pass
2026-03-15 15:31:25  INFO      pricing.ore_runner  SABR pricing complete: 32 trades → /home/Aloysuis/libs/ore/quant-research/ore/outputs/sabr_localvol_consistency/npv_sabr.csv
2026-03-15 15:31:25  INFO      __main__  [RUN] pricing stage — Local Vol pass
2026-03-15 15:33:19  INFO      pricing.ore_runner  Local Vol pricing complete: 32 trades → /home/Aloysuis/libs/ore/quant-research/ore/outputs/sabr_localvol_consistency/npv_localvol.csv
2026-03-15 15:33:19  INFO      __main__  [RUN] aggregation stage
2026-03-15 15:33:19  INFO      aggregation.compare  Comparison metrics saved → /home/Aloysuis/libs/ore/quant-research/aggregation/sabr_localvol_consistency/comparison_metrics.csv
2026-03-15 15:33:19  INFO      aggregation.compare  Product summary saved → /home/Aloysuis/libs/ore/quant-research/aggregation/sabr_localvol_consistency/summary_by_product.csv
2026-03-15 15:33:19  INFO      aggregation.compare  Validation summary saved → /home/Aloysuis/libs/ore/quant-research/aggregation/sabr_localvol_consistency/validation_summary.json
2026-03-15 15:33:19  INFO      aggregation.compare  Validation result: PASSED  (stability_score=0.0221  path_dep_bias=-0.0134)
2026-03-15 15:33:19  INFO      __main__  [RUN] report stage
2026-03-15 15:35:18  INFO      __main__  Running single stage: report
2026-03-15 15:35:18  INFO      __main__  [RUN] report stage
2026-03-15 15:35:18  INFO      aggregation.report  Validation report written → /home/Aloysuis/libs/ore/quant-research/reports/validation_20260315.md
2026-03-15 15:35:26  INFO      __main__  ============================================================
2026-03-15 15:35:26  INFO      __main__  Pipeline: sabr_localvol_consistency
2026-03-15 15:35:26  INFO      __main__  ============================================================
2026-03-15 15:35:26  INFO      __main__  [CACHED] market stage — skipping
2026-03-15 15:35:26  INFO      __main__  [CACHED] smile stage — skipping
2026-03-15 15:35:26  INFO      __main__  [CACHED] calibration stage — loading from disk
2026-03-15 15:35:26  INFO      __main__  [CACHED] diagnostics stage — skipping
2026-03-15 15:35:26  INFO      __main__  [CACHED] localvol stage — skipping (rebuilding handles from disk)
2026-03-15 15:35:26  INFO      surfaces.localvol  Local vol surface built: shape=(36, 106)  neg_count=0  saved → /home/Aloysuis/libs/ore/quant-research/surfaces/localvol/sabr_localvol_consistency/localvol_surface.npy
2026-03-15 15:35:26  INFO      __main__  [CACHED] portfolio stage — skipping
2026-03-15 15:35:26  INFO      __main__  [CACHED] pricing stage — skipping
2026-03-15 15:35:26  INFO      __main__  [CACHED] aggregation stage — skipping
2026-03-15 15:35:26  INFO      __main__  [CACHED] report stage — skipping
2026-03-15 15:35:26  INFO      __main__  Pipeline complete in 0.6 s — PASSED
2026-03-15 15:35:26  INFO      __main__  Report → /home/Aloysuis/libs/ore/quant-research/reports/validation_20260315.md
2026-03-15 16:12:15  INFO      __main__  Running single stage: report
2026-03-15 16:12:41  INFO      __main__  Running single stage: report
2026-03-15 16:12:42  INFO      __main__  [RUN] report stage
2026-03-15 16:12:43  INFO      aggregation.report  Plot saved → /home/Aloysuis/libs/ore/quant-research/reports/plots/20260315/sabr_vol_smile.png
2026-03-15 16:12:43  INFO      aggregation.report  Plot saved → /home/Aloysuis/libs/ore/quant-research/reports/plots/20260315/npv_sabr_vs_lv.png
2026-03-15 16:12:43  INFO      aggregation.report  Plot saved → /home/Aloysuis/libs/ore/quant-research/reports/plots/20260315/model_error_by_strike.png
2026-03-15 16:12:43  INFO      aggregation.report  Plot saved → /home/Aloysuis/libs/ore/quant-research/reports/plots/20260315/rmse_by_product.png
2026-03-15 16:12:43  INFO      aggregation.report  Validation report written → /home/Aloysuis/libs/ore/quant-research/reports/validation_20260315.md
2026-03-15 16:20:43  INFO      __main__  Running single stage: report
2026-03-15 16:20:44  INFO      __main__  [RUN] report stage
2026-03-15 16:20:44  INFO      aggregation.report  Plot saved → /home/Aloysuis/libs/ore/quant-research/reports/plots/20260315/sabr_vol_smile.png
2026-03-15 16:20:44  INFO      aggregation.report  Plot saved → /home/Aloysuis/libs/ore/quant-research/reports/plots/20260315/npv_sabr_vs_lv.png
2026-03-15 16:20:44  INFO      aggregation.report  Plot saved → /home/Aloysuis/libs/ore/quant-research/reports/plots/20260315/model_error_by_strike.png
2026-03-15 16:20:44  INFO      aggregation.report  Plot saved → /home/Aloysuis/libs/ore/quant-research/reports/plots/20260315/rmse_by_product.png
2026-03-15 16:20:44  INFO      aggregation.report  Validation report written → /home/Aloysuis/libs/ore/quant-research/reports/validation_20260315.md
2026-03-15 16:25:58  INFO      __main__  Running single stage: report
2026-03-15 16:25:58  INFO      __main__  [RUN] report stage
2026-03-15 16:25:59  INFO      aggregation.report  Plot saved → /home/Aloysuis/libs/ore/quant-research/reports/plots/20260315/sabr_vol_smile.png
2026-03-15 16:25:59  INFO      aggregation.report  Plot saved → /home/Aloysuis/libs/ore/quant-research/reports/plots/20260315/npv_sabr_vs_lv.png
2026-03-15 16:25:59  INFO      aggregation.report  Plot saved → /home/Aloysuis/libs/ore/quant-research/reports/plots/20260315/model_error_by_strike.png
2026-03-15 16:25:59  INFO      aggregation.report  Plot saved → /home/Aloysuis/libs/ore/quant-research/reports/plots/20260315/rmse_by_product.png
2026-03-15 16:25:59  INFO      aggregation.report  Validation report written → /home/Aloysuis/libs/ore/quant-research/reports/validation_20260315.md
2026-03-15 16:29:54  INFO      __main__  Running single stage: report
2026-03-15 16:29:54  INFO      __main__  [RUN] report stage
2026-03-15 16:29:55  INFO      aggregation.report  Plot saved → /home/Aloysuis/libs/ore/quant-research/reports/plots/20260315/sabr_vol_smile.png
2026-03-15 16:29:55  INFO      aggregation.report  Plot saved → /home/Aloysuis/libs/ore/quant-research/reports/plots/20260315/npv_sabr_vs_lv.png
2026-03-15 16:29:55  INFO      aggregation.report  Plot saved → /home/Aloysuis/libs/ore/quant-research/reports/plots/20260315/model_error_by_strike.png
2026-03-15 16:29:55  INFO      aggregation.report  Plot saved → /home/Aloysuis/libs/ore/quant-research/reports/plots/20260315/rmse_by_product.png
2026-03-15 16:29:55  INFO      aggregation.report  Validation report written → /home/Aloysuis/libs/ore/quant-research/reports/validation_20260315.md
2026-03-15 16:38:44  INFO      __main__  Running single stage: report
2026-03-15 16:38:44  INFO      __main__  [RUN] report stage
2026-03-15 16:38:45  INFO      aggregation.report  Plot saved → /home/Aloysuis/libs/ore/quant-research/reports/plots/20260315/sabr_vol_smile.png
2026-03-15 16:38:45  INFO      aggregation.report  Plot saved → /home/Aloysuis/libs/ore/quant-research/reports/plots/20260315/npv_sabr_vs_lv.png
2026-03-15 16:38:45  INFO      aggregation.report  Plot saved → /home/Aloysuis/libs/ore/quant-research/reports/plots/20260315/model_error_by_strike.png
2026-03-15 16:38:45  INFO      aggregation.report  Plot saved → /home/Aloysuis/libs/ore/quant-research/reports/plots/20260315/rmse_by_product.png
2026-03-15 16:38:45  INFO      aggregation.report  Plot saved → /home/Aloysuis/libs/ore/quant-research/reports/plots/20260315/3d_sabr_surface.png
2026-03-15 16:38:45  INFO      aggregation.report  Plot saved → /home/Aloysuis/libs/ore/quant-research/reports/plots/20260315/3d_lv_surface.png
2026-03-15 16:38:46  INFO      aggregation.report  Plot saved → /home/Aloysuis/libs/ore/quant-research/reports/plots/20260315/3d_vol_diff.png
2026-03-15 16:38:46  INFO      aggregation.report  Validation report written → /home/Aloysuis/libs/ore/quant-research/reports/validation_20260315.md
2026-03-15 16:43:09  INFO      __main__  Running single stage: report
2026-03-15 16:43:10  INFO      __main__  [RUN] report stage
2026-03-15 16:43:10  INFO      aggregation.report  Plot saved → /home/Aloysuis/libs/ore/quant-research/reports/plots/20260315/sabr_vol_smile.png
2026-03-15 16:43:10  INFO      aggregation.report  Plot saved → /home/Aloysuis/libs/ore/quant-research/reports/plots/20260315/npv_sabr_vs_lv.png
2026-03-15 16:43:10  INFO      aggregation.report  Plot saved → /home/Aloysuis/libs/ore/quant-research/reports/plots/20260315/model_error_by_strike.png
2026-03-15 16:43:10  INFO      aggregation.report  Plot saved → /home/Aloysuis/libs/ore/quant-research/reports/plots/20260315/rmse_by_product.png
2026-03-15 16:43:11  INFO      aggregation.report  Plot saved → /home/Aloysuis/libs/ore/quant-research/reports/plots/20260315/3d_sabr_surface.png
2026-03-15 16:43:11  INFO      aggregation.report  Plot saved → /home/Aloysuis/libs/ore/quant-research/reports/plots/20260315/3d_lv_surface.png
2026-03-15 16:43:11  INFO      aggregation.report  Plot saved → /home/Aloysuis/libs/ore/quant-research/reports/plots/20260315/3d_vol_diff.png
2026-03-15 16:43:11  INFO      aggregation.report  Validation report written → /home/Aloysuis/libs/ore/quant-research/reports/validation_20260315.md
